16:01:04.405 [main] TRACE - Finished loading type system org.apache.xmlbeans.metadata.system.sXMLTOOLS
16:01:04.411 [main] TRACE - Reading unresolved handles for type system org.apache.xmlbeans.metadata.system.sXMLSCHEMA
16:01:04.416 [main] TRACE - Finished loading type system org.apache.xmlbeans.metadata.system.sXMLSCHEMA
16:01:04.417 [main] TRACE - Reading unresolved handles for type system org.apache.xmlbeans.metadata.system.sXMLLANG
16:01:04.418 [main] TRACE - Finished loading type system org.apache.xmlbeans.metadata.system.sXMLLANG
16:01:04.419 [main] TRACE - Reading unresolved handles for type system org.apache.xmlbeans.metadata.system.sXMLCONFIG
16:01:04.420 [main] TRACE - Finished loading type system org.apache.xmlbeans.metadata.system.sXMLCONFIG
16:01:04.420 [main] TRACE - Reading unresolved handles for type system org.apache.poi.schemas.ooxml.system.ooxml
16:01:04.462 [main] TRACE - Finished loading type system org.apache.poi.schemas.ooxml.system.ooxml
16:01:04.463 [main] TRACE - Resolving type for handle themefd26doctype
16:01:04.511 [main] TRACE - Resolving type for handle stylesheet5d8bdoctype
16:01:04.516 [main] TRACE - Resolving type for handle ctstylesheet4257type
16:01:04.519 [main] TRACE - Resolving type for handle ctfonts6623type
16:01:04.522 [main] TRACE - Resolving type for handle ctfont14d8type
16:01:04.526 [main] TRACE - Resolving type for handle ctfills2c6ftype
16:01:04.529 [main] TRACE - Resolving type for handle ctfill550ctype
16:01:04.531 [main] TRACE - Resolving type for handle ctborders0d66type
16:01:04.532 [main] TRACE - Resolving type for handle ctborderf935type
16:01:04.535 [main] TRACE - Resolving type for handle ctcellxfs1322type
16:01:04.537 [main] TRACE - Resolving type for handle ctxf97f7type
16:01:04.540 [main] TRACE - Resolving type for handle ctcellstylexfsa81ftype
16:01:04.541 [main] TRACE - Resolving type for handle ctdxfsb26atype
16:01:04.543 [main] TRACE - Resolving type for handle cttablestyles872ftype
16:01:04.546 [main] TRACE - Resolving type for handle sstf81fdoctype
16:01:04.550 [main] TRACE - Resolving type for handle ctsst44f3type
16:01:04.559 [main] TRACE - Resolving type for handle ctrsta472type
16:01:04.580 [main] DEBUG - using default POIXMLDocumentPart for http://schemas.openxmlformats.org/officeDocument/2006/relationships/printerSettings
16:01:04.581 [main] TRACE - Resolving type for handle workbookec17doctype
16:01:04.587 [main] TRACE - Resolving type for handle ctworkbook83c3type
16:01:04.592 [main] TRACE - Resolving type for handle ctsheets49fdtype
16:01:04.594 [main] TRACE - Resolving type for handle ctsheet4dbetype
16:01:04.596 [main] TRACE - Resolving type for handle strelationshipid1e94type
16:01:04.600 [main] TRACE - Resolving type for handle worksheetf539doctype
16:01:04.608 [main] TRACE - Resolving type for handle ctworksheet530dtype
16:01:04.620 [main] TRACE - Resolving type for handle ctsheetdata8408type
16:01:04.622 [main] TRACE - Resolving type for handle ctrowdd39type
16:01:04.627 [main] TRACE - Resolving type for handle ctcell842btype
16:01:04.633 [main] TRACE - Resolving type for handle stcellrefe4e0type
16:01:04.643 [main] TRACE - Resolving type for handle ctcols627ctype
16:01:04.648 [main] TRACE - Resolving type for handle ctcola95ftype
16:01:04.664 [main] TRACE - Resolving type for handle cthyperlinks6416type
16:01:04.669 [main] TRACE - Resolving type for handle cthyperlink0c85type
16:01:04.676 [main] TRACE - Resolving type for handle stxstringf179type
16:01:04.678 [main] TRACE - Resolving type for handle stcelltypebf95type
16:01:14.225 [main] INFO  - Goto my account-->Click on Login.. 
16:01:14.843 [main] DEBUG - Parsing relationship: /xl/_rels/workbook.xml.rels
16:01:14.844 [main] DEBUG - Parsing relationship: /xl/worksheets/_rels/sheet1.xml.rels
16:01:14.845 [main] DEBUG - Parsing relationship: /_rels/.rels
16:01:14.865 [main] DEBUG - using default POIXMLDocumentPart for http://schemas.openxmlformats.org/officeDocument/2006/relationships/printerSettings
16:01:23.724 [main] INFO  - Goto my account-->Click on Login.. 
16:01:24.278 [main] DEBUG - Parsing relationship: /xl/_rels/workbook.xml.rels
16:01:24.279 [main] DEBUG - Parsing relationship: /xl/worksheets/_rels/sheet1.xml.rels
16:01:24.281 [main] DEBUG - Parsing relationship: /_rels/.rels
16:01:24.302 [main] DEBUG - using default POIXMLDocumentPart for http://schemas.openxmlformats.org/officeDocument/2006/relationships/printerSettings
16:01:31.491 [main] INFO  - Goto my account-->Click on Login.. 
16:01:32.086 [main] DEBUG - Parsing relationship: /xl/_rels/workbook.xml.rels
16:01:32.088 [main] DEBUG - Parsing relationship: /xl/worksheets/_rels/sheet1.xml.rels
16:01:32.091 [main] DEBUG - Parsing relationship: /_rels/.rels
16:01:32.118 [main] DEBUG - using default POIXMLDocumentPart for http://schemas.openxmlformats.org/officeDocument/2006/relationships/printerSettings
16:01:39.590 [main] INFO  - Goto my account-->Click on Login.. 
16:01:40.086 [main] DEBUG - Parsing relationship: /xl/_rels/workbook.xml.rels
16:01:40.089 [main] DEBUG - Parsing relationship: /xl/worksheets/_rels/sheet1.xml.rels
16:01:40.090 [main] DEBUG - Parsing relationship: /_rels/.rels
16:01:40.105 [main] DEBUG - using default POIXMLDocumentPart for http://schemas.openxmlformats.org/officeDocument/2006/relationships/printerSettings
16:08:59.948 [main] INFO  - Goto my account-->Click on Login.. 
16:09:00.552 [main] INFO  - Entering email and password.. 
16:09:01.524 [main] INFO  - clicked on login button...
