14:07:34.191 [main] INFO  - Goto my account-->Click on Login.. 
14:07:34.883 [main] INFO  - Entering email and password.. 
14:07:35.559 [main] INFO  - clicked on login button...
15:21:51.876 [main] INFO  - Goto my account-->Click on Login.. 
15:21:53.135 [main] INFO  - Entering email and password.. 
15:21:54.620 [main] INFO  - clicked on login button...
15:32:55.009 [main] INFO  - Goto my account-->Click on Login.. 
15:32:55.760 [main] INFO  - Entering email and password.. 
15:32:56.517 [main] INFO  - clicked on login button...
15:44:58.490 [main] INFO  - Goto my account-->Click on Login.. 
15:44:59.375 [main] INFO  - Entering email and password.. 
15:45:00.720 [main] INFO  - clicked on login button...
11:24:02.941 [pool-3-thread-1] INFO  - Goto my account-->Click on Login.. 
11:24:03.761 [pool-3-thread-1] INFO  - Entering email and password.. 
11:24:06.101 [pool-3-thread-1] INFO  - clicked on login button...
11:25:07.956 [main] INFO  - Goto my account-->Click on Login.. 
11:25:08.604 [main] INFO  - Entering email and password.. 
11:25:09.732 [main] INFO  - clicked on login button...
11:27:34.728 [main] INFO  - Goto my account-->Click on Login.. 
11:27:35.361 [main] INFO  - Entering email and password.. 
11:27:36.283 [main] INFO  - clicked on login button...
11:28:39.062 [pool-3-thread-1] INFO  - Goto my account-->Click on Login.. 
11:28:39.709 [pool-3-thread-1] INFO  - Entering email and password.. 
11:28:41.527 [pool-3-thread-1] INFO  - clicked on login button...
11:30:58.762 [main] INFO  - Goto my account-->Click on Login.. 
11:30:59.506 [main] INFO  - Entering email and password.. 
11:31:00.817 [main] INFO  - clicked on login button...
11:32:42.541 [main] INFO  - Goto my account-->Click on Login.. 
11:32:46.118 [main] INFO  - Entering email and password.. 
11:32:47.244 [main] INFO  - clicked on login button...
11:34:08.134 [main] INFO  - Goto my account-->Click on Login.. 
11:34:08.801 [main] INFO  - Entering email and password.. 
11:34:10.471 [main] INFO  - clicked on login button...
11:45:34.561 [main] INFO  - Goto my account-->Click on Login.. 
11:45:35.241 [main] INFO  - Entering email and password.. 
11:45:36.544 [main] INFO  - clicked on login button...
11:48:32.063 [main] INFO  - Goto my account-->Click on Login.. 
11:48:32.749 [main] INFO  - Entering email and password.. 
11:48:34.206 [main] INFO  - clicked on login button...
12:19:09.362 [main] INFO  - Goto my account-->Click on Login.. 
12:19:10.371 [main] INFO  - Entering email and password.. 
12:19:11.738 [main] INFO  - clicked on login button...
12:24:14.670 [main] INFO  - Goto my account-->Click on Login.. 
12:24:15.551 [main] INFO  - Entering email and password.. 
12:24:16.857 [main] INFO  - clicked on login button...
12:25:59.705 [main] INFO  - Goto my account-->Click on Login.. 
12:26:00.443 [main] INFO  - Entering email and password.. 
12:26:01.724 [main] INFO  - clicked on login button...
12:40:21.946 [main] INFO  - Goto my account-->Click on Login.. 
12:40:22.616 [main] INFO  - Entering email and password.. 
12:40:24.212 [main] INFO  - clicked on login button...
12:48:13.135 [main] INFO  - Goto my account-->Click on Login.. 
12:48:14.187 [main] INFO  - Entering email and password.. 
12:48:15.338 [main] INFO  - clicked on login button...
07:20:02.541 [main] INFO  - Goto my account-->Click on Login.. 
07:20:03.687 [main] INFO  - Entering email and password.. 
07:20:04.885 [main] INFO  - clicked on login button...
07:26:07.255 [main] INFO  - Goto my account-->Click on Login.. 
07:26:08.073 [main] INFO  - Entering email and password.. 
07:26:08.937 [main] INFO  - clicked on login button...
07:27:45.855 [main] INFO  - Goto my account-->Click on Login.. 
07:27:46.685 [main] INFO  - Entering email and password.. 
07:27:47.506 [main] INFO  - clicked on login button...
07:42:18.774 [main] INFO  - Goto my account-->Click on Login.. 
07:42:19.621 [main] INFO  - Entering email and password.. 
07:42:20.495 [main] INFO  - clicked on login button...
07:44:30.850 [main] INFO  - Goto my account-->Click on Login.. 
07:44:31.695 [main] INFO  - Entering email and password.. 
07:44:32.578 [main] INFO  - clicked on login button...
07:46:04.249 [main] INFO  - Goto my account-->Click on Login.. 
07:46:05.043 [main] INFO  - Entering email and password.. 
07:46:05.916 [main] INFO  - clicked on login button...
07:52:55.919 [main] INFO  - Goto my account-->Click on Login.. 
07:52:56.718 [main] INFO  - Entering email and password.. 
07:52:57.593 [main] INFO  - clicked on login button...
13:17:20.307 [main] INFO  - Goto my account-->Click on Login.. 
13:17:20.894 [main] INFO  - Entering email and password.. 
13:17:22.140 [main] INFO  - clicked on login button...
13:21:14.855 [main] INFO  - Goto my account-->Click on Login.. 
13:21:15.609 [main] DEBUG - Parsing relationship: /xl/_rels/workbook.xml.rels
13:21:15.612 [main] DEBUG - Parsing relationship: /xl/worksheets/_rels/sheet1.xml.rels
13:21:15.613 [main] DEBUG - Parsing relationship: /_rels/.rels
13:21:15.753 [main] TRACE - Loading type system org.apache.poi.schemas.ooxml.system.ooxml
13:21:15.755 [main] TRACE - Loading type system org.apache.xmlbeans.metadata.system.sXMLCONFIG
13:21:15.755 [main] TRACE - Loading type system org.apache.xmlbeans.metadata.system.sXMLLANG
13:21:15.756 [main] TRACE - Loading type system org.apache.xmlbeans.metadata.system.sXMLSCHEMA
13:21:15.756 [main] TRACE - Loading type system org.apache.xmlbeans.metadata.system.sXMLTOOLS
13:21:15.757 [main] TRACE - Reading unresolved handles for type system org.apache.xmlbeans.metadata.system.sXMLTOOLS
13:21:15.768 [main] TRACE - Finished loading type system org.apache.xmlbeans.metadata.system.sXMLTOOLS
13:21:15.770 [main] TRACE - Reading unresolved handles for type system org.apache.xmlbeans.metadata.system.sXMLSCHEMA
13:21:15.779 [main] TRACE - Finished loading type system org.apache.xmlbeans.metadata.system.sXMLSCHEMA
13:21:15.780 [main] TRACE - Reading unresolved handles for type system org.apache.xmlbeans.metadata.system.sXMLLANG
13:21:15.782 [main] TRACE - Finished loading type system org.apache.xmlbeans.metadata.system.sXMLLANG
13:21:15.783 [main] TRACE - Reading unresolved handles for type system org.apache.xmlbeans.metadata.system.sXMLCONFIG
13:21:15.784 [main] TRACE - Finished loading type system org.apache.xmlbeans.metadata.system.sXMLCONFIG
13:21:15.785 [main] TRACE - Reading unresolved handles for type system org.apache.poi.schemas.ooxml.system.ooxml
13:21:15.856 [main] TRACE - Finished loading type system org.apache.poi.schemas.ooxml.system.ooxml
13:21:15.858 [main] TRACE - Resolving type for handle themefd26doctype
13:21:15.905 [main] TRACE - Resolving type for handle stylesheet5d8bdoctype
13:21:15.910 [main] TRACE - Resolving type for handle ctstylesheet4257type
13:21:15.914 [main] TRACE - Resolving type for handle ctfonts6623type
13:21:15.917 [main] TRACE - Resolving type for handle ctfont14d8type
13:21:15.922 [main] TRACE - Resolving type for handle ctfills2c6ftype
13:21:15.924 [main] TRACE - Resolving type for handle ctfill550ctype
13:21:15.926 [main] TRACE - Resolving type for handle ctborders0d66type
13:21:15.929 [main] TRACE - Resolving type for handle ctborderf935type
13:21:15.931 [main] TRACE - Resolving type for handle ctcellxfs1322type
13:21:15.935 [main] TRACE - Resolving type for handle ctxf97f7type
13:21:15.937 [main] TRACE - Resolving type for handle ctcellstylexfsa81ftype
13:21:15.939 [main] TRACE - Resolving type for handle ctdxfsb26atype
13:21:15.941 [main] TRACE - Resolving type for handle cttablestyles872ftype
13:21:15.945 [main] TRACE - Resolving type for handle sstf81fdoctype
13:21:15.949 [main] TRACE - Resolving type for handle ctsst44f3type
13:21:15.958 [main] TRACE - Resolving type for handle ctrsta472type
13:21:15.976 [main] DEBUG - using default POIXMLDocumentPart for http://schemas.openxmlformats.org/officeDocument/2006/relationships/printerSettings
13:21:15.977 [main] TRACE - Resolving type for handle workbookec17doctype
13:21:15.982 [main] TRACE - Resolving type for handle ctworkbook83c3type
13:21:15.986 [main] TRACE - Resolving type for handle ctsheets49fdtype
13:21:15.991 [main] TRACE - Resolving type for handle ctsheet4dbetype
13:21:15.993 [main] TRACE - Resolving type for handle strelationshipid1e94type
13:21:15.996 [main] TRACE - Resolving type for handle worksheetf539doctype
13:21:16.002 [main] TRACE - Resolving type for handle ctworksheet530dtype
13:21:16.007 [main] TRACE - Resolving type for handle ctsheetdata8408type
13:21:16.009 [main] TRACE - Resolving type for handle ctrowdd39type
13:21:16.014 [main] TRACE - Resolving type for handle ctcell842btype
13:21:16.020 [main] TRACE - Resolving type for handle stcellrefe4e0type
13:21:16.028 [main] TRACE - Resolving type for handle ctcols627ctype
13:21:16.036 [main] TRACE - Resolving type for handle ctcola95ftype
13:21:16.050 [main] TRACE - Resolving type for handle cthyperlinks6416type
13:21:16.052 [main] TRACE - Resolving type for handle cthyperlink0c85type
13:21:16.059 [main] TRACE - Resolving type for handle stxstringf179type
13:21:16.061 [main] TRACE - Resolving type for handle stcelltypebf95type
13:21:24.158 [main] INFO  - Goto my account-->Click on Login.. 
13:21:24.813 [main] DEBUG - Parsing relationship: /xl/_rels/workbook.xml.rels
13:21:24.815 [main] DEBUG - Parsing relationship: /xl/worksheets/_rels/sheet1.xml.rels
13:21:24.819 [main] DEBUG - Parsing relationship: /_rels/.rels
13:21:24.850 [main] DEBUG - using default POIXMLDocumentPart for http://schemas.openxmlformats.org/officeDocument/2006/relationships/printerSettings
13:21:34.931 [main] INFO  - Goto my account-->Click on Login.. 
13:21:35.471 [main] DEBUG - Parsing relationship: /xl/_rels/workbook.xml.rels
13:21:35.473 [main] DEBUG - Parsing relationship: /xl/worksheets/_rels/sheet1.xml.rels
13:21:35.474 [main] DEBUG - Parsing relationship: /_rels/.rels
13:21:35.493 [main] DEBUG - using default POIXMLDocumentPart for http://schemas.openxmlformats.org/officeDocument/2006/relationships/printerSettings
13:24:27.887 [main] INFO  - Goto my account-->Click on Login.. 
13:24:28.644 [main] DEBUG - Parsing relationship: /xl/_rels/workbook.xml.rels
13:24:28.646 [main] DEBUG - Parsing relationship: /xl/worksheets/_rels/sheet1.xml.rels
13:24:28.648 [main] DEBUG - Parsing relationship: /_rels/.rels
13:24:28.797 [main] TRACE - Loading type system org.apache.poi.schemas.ooxml.system.ooxml
13:24:28.799 [main] TRACE - Loading type system org.apache.xmlbeans.metadata.system.sXMLCONFIG
13:24:28.801 [main] TRACE - Loading type system org.apache.xmlbeans.metadata.system.sXMLLANG
13:24:28.801 [main] TRACE - Loading type system org.apache.xmlbeans.metadata.system.sXMLSCHEMA
13:24:28.801 [main] TRACE - Loading type system org.apache.xmlbeans.metadata.system.sXMLTOOLS
13:24:28.802 [main] TRACE - Reading unresolved handles for type system org.apache.xmlbeans.metadata.system.sXMLTOOLS
13:24:28.811 [main] TRACE - Finished loading type system org.apache.xmlbeans.metadata.system.sXMLTOOLS
13:24:28.812 [main] TRACE - Reading unresolved handles for type system org.apache.xmlbeans.metadata.system.sXMLSCHEMA
13:24:28.819 [main] TRACE - Finished loading type system org.apache.xmlbeans.metadata.system.sXMLSCHEMA
13:24:28.820 [main] TRACE - Reading unresolved handles for type system org.apache.xmlbeans.metadata.system.sXMLLANG
13:24:28.820 [main] TRACE - Finished loading type system org.apache.xmlbeans.metadata.system.sXMLLANG
13:24:28.822 [main] TRACE - Reading unresolved handles for type system org.apache.xmlbeans.metadata.system.sXMLCONFIG
13:24:28.822 [main] TRACE - Finished loading type system org.apache.xmlbeans.metadata.system.sXMLCONFIG
13:24:28.823 [main] TRACE - Reading unresolved handles for type system org.apache.poi.schemas.ooxml.system.ooxml
13:24:28.872 [main] TRACE - Finished loading type system org.apache.poi.schemas.ooxml.system.ooxml
13:24:28.873 [main] TRACE - Resolving type for handle themefd26doctype
13:24:28.940 [main] TRACE - Resolving type for handle stylesheet5d8bdoctype
13:24:28.947 [main] TRACE - Resolving type for handle ctstylesheet4257type
13:24:28.954 [main] TRACE - Resolving type for handle ctfonts6623type
13:24:28.956 [main] TRACE - Resolving type for handle ctfont14d8type
13:24:28.962 [main] TRACE - Resolving type for handle ctfills2c6ftype
13:24:28.964 [main] TRACE - Resolving type for handle ctfill550ctype
13:24:28.966 [main] TRACE - Resolving type for handle ctborders0d66type
13:24:28.968 [main] TRACE - Resolving type for handle ctborderf935type
13:24:28.971 [main] TRACE - Resolving type for handle ctcellxfs1322type
13:24:28.973 [main] TRACE - Resolving type for handle ctxf97f7type
13:24:28.975 [main] TRACE - Resolving type for handle ctcellstylexfsa81ftype
13:24:28.977 [main] TRACE - Resolving type for handle ctdxfsb26atype
13:24:28.983 [main] TRACE - Resolving type for handle cttablestyles872ftype
13:24:28.985 [main] TRACE - Resolving type for handle sstf81fdoctype
13:24:28.989 [main] TRACE - Resolving type for handle ctsst44f3type
13:24:28.997 [main] TRACE - Resolving type for handle ctrsta472type
13:24:29.019 [main] DEBUG - using default POIXMLDocumentPart for http://schemas.openxmlformats.org/officeDocument/2006/relationships/printerSettings
13:24:29.021 [main] TRACE - Resolving type for handle workbookec17doctype
13:24:29.026 [main] TRACE - Resolving type for handle ctworkbook83c3type
13:24:29.030 [main] TRACE - Resolving type for handle ctsheets49fdtype
13:24:29.033 [main] TRACE - Resolving type for handle ctsheet4dbetype
13:24:29.037 [main] TRACE - Resolving type for handle strelationshipid1e94type
13:24:29.039 [main] TRACE - Resolving type for handle worksheetf539doctype
13:24:29.046 [main] TRACE - Resolving type for handle ctworksheet530dtype
13:24:29.057 [main] TRACE - Resolving type for handle ctsheetdata8408type
13:24:29.059 [main] TRACE - Resolving type for handle ctrowdd39type
13:24:29.065 [main] TRACE - Resolving type for handle ctcell842btype
13:24:29.071 [main] TRACE - Resolving type for handle stcellrefe4e0type
13:24:29.081 [main] TRACE - Resolving type for handle ctcols627ctype
13:24:29.087 [main] TRACE - Resolving type for handle ctcola95ftype
13:24:29.103 [main] TRACE - Resolving type for handle cthyperlinks6416type
13:24:29.105 [main] TRACE - Resolving type for handle cthyperlink0c85type
13:24:29.112 [main] TRACE - Resolving type for handle stxstringf179type
13:24:29.114 [main] TRACE - Resolving type for handle stcelltypebf95type
13:24:36.212 [main] INFO  - Goto my account-->Click on Login.. 
13:24:36.854 [main] DEBUG - Parsing relationship: /xl/_rels/workbook.xml.rels
13:24:36.859 [main] DEBUG - Parsing relationship: /xl/worksheets/_rels/sheet1.xml.rels
13:24:36.864 [main] DEBUG - Parsing relationship: /_rels/.rels
13:24:36.887 [main] DEBUG - using default POIXMLDocumentPart for http://schemas.openxmlformats.org/officeDocument/2006/relationships/printerSettings
13:24:45.528 [main] INFO  - Goto my account-->Click on Login.. 
13:24:46.099 [main] DEBUG - Parsing relationship: /xl/_rels/workbook.xml.rels
13:24:46.101 [main] DEBUG - Parsing relationship: /xl/worksheets/_rels/sheet1.xml.rels
13:24:46.103 [main] DEBUG - Parsing relationship: /_rels/.rels
13:24:46.144 [main] DEBUG - using default POIXMLDocumentPart for http://schemas.openxmlformats.org/officeDocument/2006/relationships/printerSettings
13:32:58.939 [main] INFO  - Goto my account-->Click on Login.. 
13:32:59.726 [main] DEBUG - Parsing relationship: /xl/_rels/workbook.xml.rels
13:32:59.729 [main] DEBUG - Parsing relationship: /xl/worksheets/_rels/sheet1.xml.rels
13:32:59.730 [main] DEBUG - Parsing relationship: /_rels/.rels
13:32:59.875 [main] TRACE - Loading type system org.apache.poi.schemas.ooxml.system.ooxml
13:32:59.877 [main] TRACE - Loading type system org.apache.xmlbeans.metadata.system.sXMLCONFIG
13:32:59.878 [main] TRACE - Loading type system org.apache.xmlbeans.metadata.system.sXMLLANG
13:32:59.878 [main] TRACE - Loading type system org.apache.xmlbeans.metadata.system.sXMLSCHEMA
13:32:59.878 [main] TRACE - Loading type system org.apache.xmlbeans.metadata.system.sXMLTOOLS
13:32:59.880 [main] TRACE - Reading unresolved handles for type system org.apache.xmlbeans.metadata.system.sXMLTOOLS
13:32:59.899 [main] TRACE - Finished loading type system org.apache.xmlbeans.metadata.system.sXMLTOOLS
13:32:59.901 [main] TRACE - Reading unresolved handles for type system org.apache.xmlbeans.metadata.system.sXMLSCHEMA
13:32:59.914 [main] TRACE - Finished loading type system org.apache.xmlbeans.metadata.system.sXMLSCHEMA
13:32:59.916 [main] TRACE - Reading unresolved handles for type system org.apache.xmlbeans.metadata.system.sXMLLANG
13:32:59.917 [main] TRACE - Finished loading type system org.apache.xmlbeans.metadata.system.sXMLLANG
13:32:59.919 [main] TRACE - Reading unresolved handles for type system org.apache.xmlbeans.metadata.system.sXMLCONFIG
13:32:59.920 [main] TRACE - Finished loading type system org.apache.xmlbeans.metadata.system.sXMLCONFIG
13:32:59.922 [main] TRACE - Reading unresolved handles for type system org.apache.poi.schemas.ooxml.system.ooxml
13:33:00.035 [main] TRACE - Finished loading type system org.apache.poi.schemas.ooxml.system.ooxml
13:33:00.036 [main] TRACE - Resolving type for handle themefd26doctype
13:33:00.091 [main] TRACE - Resolving type for handle stylesheet5d8bdoctype
13:33:00.096 [main] TRACE - Resolving type for handle ctstylesheet4257type
13:33:00.101 [main] TRACE - Resolving type for handle ctfonts6623type
13:33:00.107 [main] TRACE - Resolving type for handle ctfont14d8type
13:33:00.116 [main] TRACE - Resolving type for handle ctfills2c6ftype
13:33:00.118 [main] TRACE - Resolving type for handle ctfill550ctype
13:33:00.121 [main] TRACE - Resolving type for handle ctborders0d66type
13:33:00.123 [main] TRACE - Resolving type for handle ctborderf935type
13:33:00.126 [main] TRACE - Resolving type for handle ctcellxfs1322type
13:33:00.129 [main] TRACE - Resolving type for handle ctxf97f7type
13:33:00.131 [main] TRACE - Resolving type for handle ctcellstylexfsa81ftype
13:33:00.133 [main] TRACE - Resolving type for handle ctdxfsb26atype
13:33:00.135 [main] TRACE - Resolving type for handle cttablestyles872ftype
13:33:00.138 [main] TRACE - Resolving type for handle sstf81fdoctype
13:33:00.143 [main] TRACE - Resolving type for handle ctsst44f3type
13:33:00.150 [main] TRACE - Resolving type for handle ctrsta472type
13:33:00.164 [main] DEBUG - using default POIXMLDocumentPart for http://schemas.openxmlformats.org/officeDocument/2006/relationships/printerSettings
13:33:00.166 [main] TRACE - Resolving type for handle workbookec17doctype
13:33:00.171 [main] TRACE - Resolving type for handle ctworkbook83c3type
13:33:00.179 [main] TRACE - Resolving type for handle ctsheets49fdtype
13:33:00.181 [main] TRACE - Resolving type for handle ctsheet4dbetype
13:33:00.184 [main] TRACE - Resolving type for handle strelationshipid1e94type
13:33:00.188 [main] TRACE - Resolving type for handle worksheetf539doctype
13:33:00.194 [main] TRACE - Resolving type for handle ctworksheet530dtype
13:33:00.202 [main] TRACE - Resolving type for handle ctsheetdata8408type
13:33:00.206 [main] TRACE - Resolving type for handle ctrowdd39type
13:33:00.213 [main] TRACE - Resolving type for handle ctcell842btype
13:33:00.219 [main] TRACE - Resolving type for handle stcellrefe4e0type
13:33:00.231 [main] TRACE - Resolving type for handle ctcols627ctype
13:33:00.235 [main] TRACE - Resolving type for handle ctcola95ftype
13:33:00.257 [main] TRACE - Resolving type for handle cthyperlinks6416type
13:33:00.261 [main] TRACE - Resolving type for handle cthyperlink0c85type
13:33:00.267 [main] TRACE - Resolving type for handle stxstringf179type
13:33:00.270 [main] TRACE - Resolving type for handle stcelltypebf95type
13:33:07.172 [main] INFO  - Goto my account-->Click on Login.. 
13:33:07.857 [main] DEBUG - Parsing relationship: /xl/_rels/workbook.xml.rels
13:33:07.859 [main] DEBUG - Parsing relationship: /xl/worksheets/_rels/sheet1.xml.rels
13:33:07.860 [main] DEBUG - Parsing relationship: /_rels/.rels
13:33:07.882 [main] DEBUG - using default POIXMLDocumentPart for http://schemas.openxmlformats.org/officeDocument/2006/relationships/printerSettings
13:33:14.575 [main] INFO  - Goto my account-->Click on Login.. 
13:33:15.311 [main] DEBUG - Parsing relationship: /xl/_rels/workbook.xml.rels
13:33:15.314 [main] DEBUG - Parsing relationship: /xl/worksheets/_rels/sheet1.xml.rels
13:33:15.319 [main] DEBUG - Parsing relationship: /_rels/.rels
13:33:15.346 [main] DEBUG - using default POIXMLDocumentPart for http://schemas.openxmlformats.org/officeDocument/2006/relationships/printerSettings
13:35:20.629 [main] INFO  - Goto my account-->Click on Login.. 
13:35:21.551 [main] DEBUG - Parsing relationship: /xl/_rels/workbook.xml.rels
13:35:21.555 [main] DEBUG - Parsing relationship: /xl/worksheets/_rels/sheet1.xml.rels
13:35:21.559 [main] DEBUG - Parsing relationship: /_rels/.rels
13:35:21.777 [main] TRACE - Loading type system org.apache.poi.schemas.ooxml.system.ooxml
13:35:21.782 [main] TRACE - Loading type system org.apache.xmlbeans.metadata.system.sXMLCONFIG
13:35:21.782 [main] TRACE - Loading type system org.apache.xmlbeans.metadata.system.sXMLLANG
13:35:21.783 [main] TRACE - Loading type system org.apache.xmlbeans.metadata.system.sXMLSCHEMA
13:35:21.784 [main] TRACE - Loading type system org.apache.xmlbeans.metadata.system.sXMLTOOLS
13:35:21.786 [main] TRACE - Reading unresolved handles for type system org.apache.xmlbeans.metadata.system.sXMLTOOLS
13:35:21.806 [main] TRACE - Finished loading type system org.apache.xmlbeans.metadata.system.sXMLTOOLS
13:35:21.808 [main] TRACE - Reading unresolved handles for type system org.apache.xmlbeans.metadata.system.sXMLSCHEMA
13:35:21.814 [main] TRACE - Finished loading type system org.apache.xmlbeans.metadata.system.sXMLSCHEMA
13:35:21.816 [main] TRACE - Reading unresolved handles for type system org.apache.xmlbeans.metadata.system.sXMLLANG
13:35:21.817 [main] TRACE - Finished loading type system org.apache.xmlbeans.metadata.system.sXMLLANG
13:35:21.819 [main] TRACE - Reading unresolved handles for type system org.apache.xmlbeans.metadata.system.sXMLCONFIG
13:35:21.820 [main] TRACE - Finished loading type system org.apache.xmlbeans.metadata.system.sXMLCONFIG
13:35:21.822 [main] TRACE - Reading unresolved handles for type system org.apache.poi.schemas.ooxml.system.ooxml
13:35:21.894 [main] TRACE - Finished loading type system org.apache.poi.schemas.ooxml.system.ooxml
13:35:21.895 [main] TRACE - Resolving type for handle themefd26doctype
13:35:21.986 [main] TRACE - Resolving type for handle stylesheet5d8bdoctype
13:35:21.992 [main] TRACE - Resolving type for handle ctstylesheet4257type
13:35:21.997 [main] TRACE - Resolving type for handle ctfonts6623type
13:35:22.001 [main] TRACE - Resolving type for handle ctfont14d8type
13:35:22.006 [main] TRACE - Resolving type for handle ctfills2c6ftype
13:35:22.008 [main] TRACE - Resolving type for handle ctfill550ctype
13:35:22.010 [main] TRACE - Resolving type for handle ctborders0d66type
13:35:22.012 [main] TRACE - Resolving type for handle ctborderf935type
13:35:22.016 [main] TRACE - Resolving type for handle ctcellxfs1322type
13:35:22.020 [main] TRACE - Resolving type for handle ctxf97f7type
13:35:22.022 [main] TRACE - Resolving type for handle ctcellstylexfsa81ftype
13:35:22.024 [main] TRACE - Resolving type for handle ctdxfsb26atype
13:35:22.027 [main] TRACE - Resolving type for handle cttablestyles872ftype
13:35:22.031 [main] TRACE - Resolving type for handle sstf81fdoctype
13:35:22.036 [main] TRACE - Resolving type for handle ctsst44f3type
13:35:22.046 [main] TRACE - Resolving type for handle ctrsta472type
13:35:22.067 [main] DEBUG - using default POIXMLDocumentPart for http://schemas.openxmlformats.org/officeDocument/2006/relationships/printerSettings
13:35:22.068 [main] TRACE - Resolving type for handle workbookec17doctype
13:35:22.073 [main] TRACE - Resolving type for handle ctworkbook83c3type
13:35:22.080 [main] TRACE - Resolving type for handle ctsheets49fdtype
13:35:22.083 [main] TRACE - Resolving type for handle ctsheet4dbetype
13:35:22.086 [main] TRACE - Resolving type for handle strelationshipid1e94type
13:35:22.089 [main] TRACE - Resolving type for handle worksheetf539doctype
13:35:22.097 [main] TRACE - Resolving type for handle ctworksheet530dtype
13:35:22.103 [main] TRACE - Resolving type for handle ctsheetdata8408type
13:35:22.106 [main] TRACE - Resolving type for handle ctrowdd39type
13:35:22.112 [main] TRACE - Resolving type for handle ctcell842btype
13:35:22.117 [main] TRACE - Resolving type for handle stcellrefe4e0type
13:35:22.127 [main] TRACE - Resolving type for handle ctcols627ctype
13:35:22.133 [main] TRACE - Resolving type for handle ctcola95ftype
13:35:22.150 [main] TRACE - Resolving type for handle cthyperlinks6416type
13:35:22.153 [main] TRACE - Resolving type for handle cthyperlink0c85type
13:35:22.163 [main] TRACE - Resolving type for handle stxstringf179type
13:35:22.166 [main] TRACE - Resolving type for handle stcelltypebf95type
13:35:31.481 [main] INFO  - Goto my account-->Click on Login.. 
13:35:32.059 [main] DEBUG - Parsing relationship: /xl/_rels/workbook.xml.rels
13:35:32.063 [main] DEBUG - Parsing relationship: /xl/worksheets/_rels/sheet1.xml.rels
13:35:32.066 [main] DEBUG - Parsing relationship: /_rels/.rels
13:35:32.087 [main] DEBUG - using default POIXMLDocumentPart for http://schemas.openxmlformats.org/officeDocument/2006/relationships/printerSettings
13:35:40.175 [main] INFO  - Goto my account-->Click on Login.. 
13:35:40.741 [main] DEBUG - Parsing relationship: /xl/_rels/workbook.xml.rels
13:35:40.742 [main] DEBUG - Parsing relationship: /xl/worksheets/_rels/sheet1.xml.rels
13:35:40.745 [main] DEBUG - Parsing relationship: /_rels/.rels
13:35:40.764 [main] DEBUG - using default POIXMLDocumentPart for http://schemas.openxmlformats.org/officeDocument/2006/relationships/printerSettings
13:36:46.298 [main] INFO  - Goto my account-->Click on Login.. 
13:36:47.017 [main] DEBUG - Parsing relationship: /xl/_rels/workbook.xml.rels
13:36:47.021 [main] DEBUG - Parsing relationship: /xl/worksheets/_rels/sheet1.xml.rels
13:36:47.025 [main] DEBUG - Parsing relationship: /_rels/.rels
13:36:47.212 [main] TRACE - Loading type system org.apache.poi.schemas.ooxml.system.ooxml
13:36:47.214 [main] TRACE - Loading type system org.apache.xmlbeans.metadata.system.sXMLCONFIG
13:36:47.216 [main] TRACE - Loading type system org.apache.xmlbeans.metadata.system.sXMLLANG
13:36:47.216 [main] TRACE - Loading type system org.apache.xmlbeans.metadata.system.sXMLSCHEMA
13:36:47.217 [main] TRACE - Loading type system org.apache.xmlbeans.metadata.system.sXMLTOOLS
13:36:47.218 [main] TRACE - Reading unresolved handles for type system org.apache.xmlbeans.metadata.system.sXMLTOOLS
13:36:47.229 [main] TRACE - Finished loading type system org.apache.xmlbeans.metadata.system.sXMLTOOLS
13:36:47.230 [main] TRACE - Reading unresolved handles for type system org.apache.xmlbeans.metadata.system.sXMLSCHEMA
13:36:47.239 [main] TRACE - Finished loading type system org.apache.xmlbeans.metadata.system.sXMLSCHEMA
13:36:47.241 [main] TRACE - Reading unresolved handles for type system org.apache.xmlbeans.metadata.system.sXMLLANG
13:36:47.242 [main] TRACE - Finished loading type system org.apache.xmlbeans.metadata.system.sXMLLANG
13:36:47.243 [main] TRACE - Reading unresolved handles for type system org.apache.xmlbeans.metadata.system.sXMLCONFIG
13:36:47.244 [main] TRACE - Finished loading type system org.apache.xmlbeans.metadata.system.sXMLCONFIG
13:36:47.245 [main] TRACE - Reading unresolved handles for type system org.apache.poi.schemas.ooxml.system.ooxml
13:36:47.299 [main] TRACE - Finished loading type system org.apache.poi.schemas.ooxml.system.ooxml
13:36:47.299 [main] TRACE - Resolving type for handle themefd26doctype
13:36:47.370 [main] TRACE - Resolving type for handle stylesheet5d8bdoctype
13:36:47.377 [main] TRACE - Resolving type for handle ctstylesheet4257type
13:36:47.385 [main] TRACE - Resolving type for handle ctfonts6623type
13:36:47.387 [main] TRACE - Resolving type for handle ctfont14d8type
13:36:47.392 [main] TRACE - Resolving type for handle ctfills2c6ftype
13:36:47.394 [main] TRACE - Resolving type for handle ctfill550ctype
13:36:47.396 [main] TRACE - Resolving type for handle ctborders0d66type
13:36:47.397 [main] TRACE - Resolving type for handle ctborderf935type
13:36:47.401 [main] TRACE - Resolving type for handle ctcellxfs1322type
13:36:47.404 [main] TRACE - Resolving type for handle ctxf97f7type
13:36:47.406 [main] TRACE - Resolving type for handle ctcellstylexfsa81ftype
13:36:47.408 [main] TRACE - Resolving type for handle ctdxfsb26atype
13:36:47.411 [main] TRACE - Resolving type for handle cttablestyles872ftype
13:36:47.416 [main] TRACE - Resolving type for handle sstf81fdoctype
13:36:47.419 [main] TRACE - Resolving type for handle ctsst44f3type
13:36:47.433 [main] TRACE - Resolving type for handle ctrsta472type
13:36:47.452 [main] DEBUG - using default POIXMLDocumentPart for http://schemas.openxmlformats.org/officeDocument/2006/relationships/printerSettings
13:36:47.453 [main] TRACE - Resolving type for handle workbookec17doctype
13:36:47.459 [main] TRACE - Resolving type for handle ctworkbook83c3type
13:36:47.464 [main] TRACE - Resolving type for handle ctsheets49fdtype
13:36:47.466 [main] TRACE - Resolving type for handle ctsheet4dbetype
13:36:47.468 [main] TRACE - Resolving type for handle strelationshipid1e94type
13:36:47.473 [main] TRACE - Resolving type for handle worksheetf539doctype
13:36:47.482 [main] TRACE - Resolving type for handle ctworksheet530dtype
13:36:47.495 [main] TRACE - Resolving type for handle ctsheetdata8408type
13:36:47.498 [main] TRACE - Resolving type for handle ctrowdd39type
13:36:47.507 [main] TRACE - Resolving type for handle ctcell842btype
13:36:47.516 [main] TRACE - Resolving type for handle stcellrefe4e0type
13:36:47.527 [main] TRACE - Resolving type for handle ctcols627ctype
13:36:47.535 [main] TRACE - Resolving type for handle ctcola95ftype
13:36:47.553 [main] TRACE - Resolving type for handle cthyperlinks6416type
13:36:47.559 [main] TRACE - Resolving type for handle cthyperlink0c85type
13:36:47.571 [main] TRACE - Resolving type for handle stxstringf179type
13:36:47.575 [main] TRACE - Resolving type for handle stcelltypebf95type
13:36:55.385 [main] INFO  - Goto my account-->Click on Login.. 
13:36:55.934 [main] DEBUG - Parsing relationship: /xl/_rels/workbook.xml.rels
13:36:55.939 [main] DEBUG - Parsing relationship: /xl/worksheets/_rels/sheet1.xml.rels
13:36:55.943 [main] DEBUG - Parsing relationship: /_rels/.rels
13:36:55.982 [main] DEBUG - using default POIXMLDocumentPart for http://schemas.openxmlformats.org/officeDocument/2006/relationships/printerSettings
13:37:03.175 [main] INFO  - Goto my account-->Click on Login.. 
13:37:03.760 [main] DEBUG - Parsing relationship: /xl/_rels/workbook.xml.rels
13:37:03.763 [main] DEBUG - Parsing relationship: /xl/worksheets/_rels/sheet1.xml.rels
13:37:03.767 [main] DEBUG - Parsing relationship: /_rels/.rels
13:37:03.794 [main] DEBUG - using default POIXMLDocumentPart for http://schemas.openxmlformats.org/officeDocument/2006/relationships/printerSettings
13:45:15.725 [main] INFO  - Goto my account-->Click on Login.. 
13:45:16.450 [main] DEBUG - Parsing relationship: /xl/_rels/workbook.xml.rels
13:45:16.454 [main] DEBUG - Parsing relationship: /xl/worksheets/_rels/sheet1.xml.rels
13:45:16.457 [main] DEBUG - Parsing relationship: /_rels/.rels
13:45:16.626 [main] TRACE - Loading type system org.apache.poi.schemas.ooxml.system.ooxml
13:45:16.629 [main] TRACE - Loading type system org.apache.xmlbeans.metadata.system.sXMLCONFIG
13:45:16.630 [main] TRACE - Loading type system org.apache.xmlbeans.metadata.system.sXMLLANG
13:45:16.630 [main] TRACE - Loading type system org.apache.xmlbeans.metadata.system.sXMLSCHEMA
13:45:16.631 [main] TRACE - Loading type system org.apache.xmlbeans.metadata.system.sXMLTOOLS
13:45:16.632 [main] TRACE - Reading unresolved handles for type system org.apache.xmlbeans.metadata.system.sXMLTOOLS
13:45:16.648 [main] TRACE - Finished loading type system org.apache.xmlbeans.metadata.system.sXMLTOOLS
13:45:16.650 [main] TRACE - Reading unresolved handles for type system org.apache.xmlbeans.metadata.system.sXMLSCHEMA
13:45:16.655 [main] TRACE - Finished loading type system org.apache.xmlbeans.metadata.system.sXMLSCHEMA
13:45:16.656 [main] TRACE - Reading unresolved handles for type system org.apache.xmlbeans.metadata.system.sXMLLANG
13:45:16.657 [main] TRACE - Finished loading type system org.apache.xmlbeans.metadata.system.sXMLLANG
13:45:16.659 [main] TRACE - Reading unresolved handles for type system org.apache.xmlbeans.metadata.system.sXMLCONFIG
13:45:16.662 [main] TRACE - Finished loading type system org.apache.xmlbeans.metadata.system.sXMLCONFIG
13:45:16.663 [main] TRACE - Reading unresolved handles for type system org.apache.poi.schemas.ooxml.system.ooxml
13:45:16.718 [main] TRACE - Finished loading type system org.apache.poi.schemas.ooxml.system.ooxml
13:45:16.719 [main] TRACE - Resolving type for handle themefd26doctype
13:45:16.789 [main] TRACE - Resolving type for handle stylesheet5d8bdoctype
13:45:16.797 [main] TRACE - Resolving type for handle ctstylesheet4257type
13:45:16.803 [main] TRACE - Resolving type for handle ctfonts6623type
13:45:16.806 [main] TRACE - Resolving type for handle ctfont14d8type
13:45:16.811 [main] TRACE - Resolving type for handle ctfills2c6ftype
13:45:16.814 [main] TRACE - Resolving type for handle ctfill550ctype
13:45:16.816 [main] TRACE - Resolving type for handle ctborders0d66type
13:45:16.822 [main] TRACE - Resolving type for handle ctborderf935type
13:45:16.825 [main] TRACE - Resolving type for handle ctcellxfs1322type
13:45:16.829 [main] TRACE - Resolving type for handle ctxf97f7type
13:45:16.836 [main] TRACE - Resolving type for handle ctcellstylexfsa81ftype
13:45:16.839 [main] TRACE - Resolving type for handle ctdxfsb26atype
13:45:16.842 [main] TRACE - Resolving type for handle cttablestyles872ftype
13:45:16.846 [main] TRACE - Resolving type for handle sstf81fdoctype
13:45:16.854 [main] TRACE - Resolving type for handle ctsst44f3type
13:45:16.862 [main] TRACE - Resolving type for handle ctrsta472type
13:45:16.878 [main] DEBUG - using default POIXMLDocumentPart for http://schemas.openxmlformats.org/officeDocument/2006/relationships/printerSettings
13:45:16.879 [main] TRACE - Resolving type for handle workbookec17doctype
13:45:16.886 [main] TRACE - Resolving type for handle ctworkbook83c3type
13:45:16.893 [main] TRACE - Resolving type for handle ctsheets49fdtype
13:45:16.895 [main] TRACE - Resolving type for handle ctsheet4dbetype
13:45:16.899 [main] TRACE - Resolving type for handle strelationshipid1e94type
13:45:16.903 [main] TRACE - Resolving type for handle worksheetf539doctype
13:45:16.910 [main] TRACE - Resolving type for handle ctworksheet530dtype
13:45:16.918 [main] TRACE - Resolving type for handle ctsheetdata8408type
13:45:16.920 [main] TRACE - Resolving type for handle ctrowdd39type
13:45:16.926 [main] TRACE - Resolving type for handle ctcell842btype
13:45:16.934 [main] TRACE - Resolving type for handle stcellrefe4e0type
13:45:16.947 [main] TRACE - Resolving type for handle ctcols627ctype
13:45:16.955 [main] TRACE - Resolving type for handle ctcola95ftype
13:45:16.976 [main] TRACE - Resolving type for handle cthyperlinks6416type
13:45:16.980 [main] TRACE - Resolving type for handle cthyperlink0c85type
13:45:16.987 [main] TRACE - Resolving type for handle stxstringf179type
13:45:16.990 [main] TRACE - Resolving type for handle stcelltypebf95type
13:45:25.278 [main] INFO  - Goto my account-->Click on Login.. 
13:45:26.029 [main] DEBUG - Parsing relationship: /xl/_rels/workbook.xml.rels
13:45:26.033 [main] DEBUG - Parsing relationship: /xl/worksheets/_rels/sheet1.xml.rels
13:45:26.037 [main] DEBUG - Parsing relationship: /_rels/.rels
13:45:26.085 [main] DEBUG - using default POIXMLDocumentPart for http://schemas.openxmlformats.org/officeDocument/2006/relationships/printerSettings
13:45:33.988 [main] INFO  - Goto my account-->Click on Login.. 
13:45:34.688 [main] DEBUG - Parsing relationship: /xl/_rels/workbook.xml.rels
13:45:34.689 [main] DEBUG - Parsing relationship: /xl/worksheets/_rels/sheet1.xml.rels
13:45:34.691 [main] DEBUG - Parsing relationship: /_rels/.rels
13:45:34.714 [main] DEBUG - using default POIXMLDocumentPart for http://schemas.openxmlformats.org/officeDocument/2006/relationships/printerSettings
13:45:42.453 [main] INFO  - Goto my account-->Click on Login.. 
13:45:43.028 [main] DEBUG - Parsing relationship: /xl/_rels/workbook.xml.rels
13:45:43.030 [main] DEBUG - Parsing relationship: /xl/worksheets/_rels/sheet1.xml.rels
13:45:43.040 [main] DEBUG - Parsing relationship: /_rels/.rels
13:45:43.076 [main] DEBUG - using default POIXMLDocumentPart for http://schemas.openxmlformats.org/officeDocument/2006/relationships/printerSettings
13:46:05.904 [main] INFO  - Goto my account-->Click on Login.. 
13:46:06.694 [main] DEBUG - Parsing relationship: /xl/_rels/workbook.xml.rels
13:46:06.697 [main] DEBUG - Parsing relationship: /xl/worksheets/_rels/sheet1.xml.rels
13:46:06.700 [main] DEBUG - Parsing relationship: /_rels/.rels
13:46:06.720 [main] DEBUG - using default POIXMLDocumentPart for http://schemas.openxmlformats.org/officeDocument/2006/relationships/printerSettings
13:50:41.770 [main] INFO  - Goto my account-->Click on Login.. 
13:50:42.496 [main] DEBUG - Parsing relationship: /xl/_rels/workbook.xml.rels
13:50:42.501 [main] DEBUG - Parsing relationship: /xl/worksheets/_rels/sheet1.xml.rels
13:50:42.503 [main] DEBUG - Parsing relationship: /_rels/.rels
13:50:42.683 [main] TRACE - Loading type system org.apache.poi.schemas.ooxml.system.ooxml
13:50:42.686 [main] TRACE - Loading type system org.apache.xmlbeans.metadata.system.sXMLCONFIG
13:50:42.686 [main] TRACE - Loading type system org.apache.xmlbeans.metadata.system.sXMLLANG
13:50:42.687 [main] TRACE - Loading type system org.apache.xmlbeans.metadata.system.sXMLSCHEMA
13:50:42.687 [main] TRACE - Loading type system org.apache.xmlbeans.metadata.system.sXMLTOOLS
13:50:42.690 [main] TRACE - Reading unresolved handles for type system org.apache.xmlbeans.metadata.system.sXMLTOOLS
13:50:42.706 [main] TRACE - Finished loading type system org.apache.xmlbeans.metadata.system.sXMLTOOLS
13:50:42.707 [main] TRACE - Reading unresolved handles for type system org.apache.xmlbeans.metadata.system.sXMLSCHEMA
13:50:42.712 [main] TRACE - Finished loading type system org.apache.xmlbeans.metadata.system.sXMLSCHEMA
13:50:42.713 [main] TRACE - Reading unresolved handles for type system org.apache.xmlbeans.metadata.system.sXMLLANG
13:50:42.714 [main] TRACE - Finished loading type system org.apache.xmlbeans.metadata.system.sXMLLANG
13:50:42.715 [main] TRACE - Reading unresolved handles for type system org.apache.xmlbeans.metadata.system.sXMLCONFIG
13:50:42.717 [main] TRACE - Finished loading type system org.apache.xmlbeans.metadata.system.sXMLCONFIG
13:50:42.717 [main] TRACE - Reading unresolved handles for type system org.apache.poi.schemas.ooxml.system.ooxml
13:50:42.771 [main] TRACE - Finished loading type system org.apache.poi.schemas.ooxml.system.ooxml
13:50:42.772 [main] TRACE - Resolving type for handle themefd26doctype
13:50:42.838 [main] TRACE - Resolving type for handle stylesheet5d8bdoctype
13:50:42.844 [main] TRACE - Resolving type for handle ctstylesheet4257type
13:50:42.848 [main] TRACE - Resolving type for handle ctfonts6623type
13:50:42.851 [main] TRACE - Resolving type for handle ctfont14d8type
13:50:42.860 [main] TRACE - Resolving type for handle ctfills2c6ftype
13:50:42.861 [main] TRACE - Resolving type for handle ctfill550ctype
13:50:42.865 [main] TRACE - Resolving type for handle ctborders0d66type
13:50:42.867 [main] TRACE - Resolving type for handle ctborderf935type
13:50:42.871 [main] TRACE - Resolving type for handle ctcellxfs1322type
13:50:42.874 [main] TRACE - Resolving type for handle ctxf97f7type
13:50:42.877 [main] TRACE - Resolving type for handle ctcellstylexfsa81ftype
13:50:42.879 [main] TRACE - Resolving type for handle ctdxfsb26atype
13:50:42.884 [main] TRACE - Resolving type for handle cttablestyles872ftype
13:50:42.888 [main] TRACE - Resolving type for handle sstf81fdoctype
13:50:42.892 [main] TRACE - Resolving type for handle ctsst44f3type
13:50:42.901 [main] TRACE - Resolving type for handle ctrsta472type
13:50:42.919 [main] DEBUG - using default POIXMLDocumentPart for http://schemas.openxmlformats.org/officeDocument/2006/relationships/printerSettings
13:50:42.920 [main] TRACE - Resolving type for handle workbookec17doctype
13:50:42.926 [main] TRACE - Resolving type for handle ctworkbook83c3type
13:50:42.934 [main] TRACE - Resolving type for handle ctsheets49fdtype
13:50:42.937 [main] TRACE - Resolving type for handle ctsheet4dbetype
13:50:42.940 [main] TRACE - Resolving type for handle strelationshipid1e94type
13:50:42.944 [main] TRACE - Resolving type for handle worksheetf539doctype
13:50:42.950 [main] TRACE - Resolving type for handle ctworksheet530dtype
13:50:42.959 [main] TRACE - Resolving type for handle ctsheetdata8408type
13:50:42.962 [main] TRACE - Resolving type for handle ctrowdd39type
13:50:42.967 [main] TRACE - Resolving type for handle ctcell842btype
13:50:42.975 [main] TRACE - Resolving type for handle stcellrefe4e0type
13:50:42.993 [main] TRACE - Resolving type for handle ctcols627ctype
13:50:42.998 [main] TRACE - Resolving type for handle ctcola95ftype
13:50:43.014 [main] TRACE - Resolving type for handle cthyperlinks6416type
13:50:43.018 [main] TRACE - Resolving type for handle cthyperlink0c85type
13:50:43.025 [main] TRACE - Resolving type for handle stxstringf179type
13:50:43.028 [main] TRACE - Resolving type for handle stcelltypebf95type
13:50:51.957 [main] INFO  - Goto my account-->Click on Login.. 
13:50:52.538 [main] DEBUG - Parsing relationship: /xl/_rels/workbook.xml.rels
13:50:52.540 [main] DEBUG - Parsing relationship: /xl/worksheets/_rels/sheet1.xml.rels
13:50:52.541 [main] DEBUG - Parsing relationship: /_rels/.rels
13:50:52.563 [main] DEBUG - using default POIXMLDocumentPart for http://schemas.openxmlformats.org/officeDocument/2006/relationships/printerSettings
13:51:03.341 [main] INFO  - Goto my account-->Click on Login.. 
13:51:03.936 [main] DEBUG - Parsing relationship: /xl/_rels/workbook.xml.rels
13:51:03.938 [main] DEBUG - Parsing relationship: /xl/worksheets/_rels/sheet1.xml.rels
13:51:03.939 [main] DEBUG - Parsing relationship: /_rels/.rels
13:51:03.961 [main] DEBUG - using default POIXMLDocumentPart for http://schemas.openxmlformats.org/officeDocument/2006/relationships/printerSettings
13:51:10.732 [main] INFO  - Goto my account-->Click on Login.. 
13:51:11.386 [main] DEBUG - Parsing relationship: /xl/_rels/workbook.xml.rels
13:51:11.387 [main] DEBUG - Parsing relationship: /xl/worksheets/_rels/sheet1.xml.rels
13:51:11.392 [main] DEBUG - Parsing relationship: /_rels/.rels
13:51:11.413 [main] DEBUG - using default POIXMLDocumentPart for http://schemas.openxmlformats.org/officeDocument/2006/relationships/printerSettings
14:01:54.816 [main] INFO  - Goto my account-->Click on Login.. 
14:01:55.719 [main] DEBUG - Parsing relationship: /xl/_rels/workbook.xml.rels
14:01:55.723 [main] DEBUG - Parsing relationship: /xl/worksheets/_rels/sheet1.xml.rels
14:01:55.728 [main] DEBUG - Parsing relationship: /_rels/.rels
14:01:55.905 [main] TRACE - Loading type system org.apache.poi.schemas.ooxml.system.ooxml
14:01:55.907 [main] TRACE - Loading type system org.apache.xmlbeans.metadata.system.sXMLCONFIG
14:01:55.908 [main] TRACE - Loading type system org.apache.xmlbeans.metadata.system.sXMLLANG
14:01:55.908 [main] TRACE - Loading type system org.apache.xmlbeans.metadata.system.sXMLSCHEMA
14:01:55.909 [main] TRACE - Loading type system org.apache.xmlbeans.metadata.system.sXMLTOOLS
14:01:55.911 [main] TRACE - Reading unresolved handles for type system org.apache.xmlbeans.metadata.system.sXMLTOOLS
14:01:55.922 [main] TRACE - Finished loading type system org.apache.xmlbeans.metadata.system.sXMLTOOLS
14:01:55.923 [main] TRACE - Reading unresolved handles for type system org.apache.xmlbeans.metadata.system.sXMLSCHEMA
14:01:55.928 [main] TRACE - Finished loading type system org.apache.xmlbeans.metadata.system.sXMLSCHEMA
14:01:55.929 [main] TRACE - Reading unresolved handles for type system org.apache.xmlbeans.metadata.system.sXMLLANG
14:01:55.930 [main] TRACE - Finished loading type system org.apache.xmlbeans.metadata.system.sXMLLANG
14:01:55.932 [main] TRACE - Reading unresolved handles for type system org.apache.xmlbeans.metadata.system.sXMLCONFIG
14:01:55.932 [main] TRACE - Finished loading type system org.apache.xmlbeans.metadata.system.sXMLCONFIG
14:01:55.933 [main] TRACE - Reading unresolved handles for type system org.apache.poi.schemas.ooxml.system.ooxml
14:01:55.986 [main] TRACE - Finished loading type system org.apache.poi.schemas.ooxml.system.ooxml
14:01:55.987 [main] TRACE - Resolving type for handle themefd26doctype
14:01:56.063 [main] TRACE - Resolving type for handle stylesheet5d8bdoctype
14:01:56.069 [main] TRACE - Resolving type for handle ctstylesheet4257type
14:01:56.080 [main] TRACE - Resolving type for handle ctfonts6623type
14:01:56.083 [main] TRACE - Resolving type for handle ctfont14d8type
14:01:56.094 [main] TRACE - Resolving type for handle ctfills2c6ftype
14:01:56.097 [main] TRACE - Resolving type for handle ctfill550ctype
14:01:56.104 [main] TRACE - Resolving type for handle ctborders0d66type
14:01:56.107 [main] TRACE - Resolving type for handle ctborderf935type
14:01:56.112 [main] TRACE - Resolving type for handle ctcellxfs1322type
14:01:56.115 [main] TRACE - Resolving type for handle ctxf97f7type
14:01:56.118 [main] TRACE - Resolving type for handle ctcellstylexfsa81ftype
14:01:56.120 [main] TRACE - Resolving type for handle ctdxfsb26atype
14:01:56.123 [main] TRACE - Resolving type for handle cttablestyles872ftype
14:01:56.130 [main] TRACE - Resolving type for handle sstf81fdoctype
14:01:56.135 [main] TRACE - Resolving type for handle ctsst44f3type
14:01:56.153 [main] TRACE - Resolving type for handle ctrsta472type
14:01:56.177 [main] DEBUG - using default POIXMLDocumentPart for http://schemas.openxmlformats.org/officeDocument/2006/relationships/printerSettings
14:01:56.178 [main] TRACE - Resolving type for handle workbookec17doctype
14:01:56.184 [main] TRACE - Resolving type for handle ctworkbook83c3type
14:01:56.189 [main] TRACE - Resolving type for handle ctsheets49fdtype
14:01:56.195 [main] TRACE - Resolving type for handle ctsheet4dbetype
14:01:56.197 [main] TRACE - Resolving type for handle strelationshipid1e94type
14:01:56.202 [main] TRACE - Resolving type for handle worksheetf539doctype
14:01:56.211 [main] TRACE - Resolving type for handle ctworksheet530dtype
14:01:56.222 [main] TRACE - Resolving type for handle ctsheetdata8408type
14:01:56.227 [main] TRACE - Resolving type for handle ctrowdd39type
14:01:56.232 [main] TRACE - Resolving type for handle ctcell842btype
14:01:56.242 [main] TRACE - Resolving type for handle stcellrefe4e0type
14:01:56.255 [main] TRACE - Resolving type for handle ctcols627ctype
14:01:56.259 [main] TRACE - Resolving type for handle ctcola95ftype
14:01:56.277 [main] TRACE - Resolving type for handle cthyperlinks6416type
14:01:56.281 [main] TRACE - Resolving type for handle cthyperlink0c85type
14:01:56.287 [main] TRACE - Resolving type for handle stxstringf179type
14:01:56.289 [main] TRACE - Resolving type for handle stcelltypebf95type
14:02:07.545 [main] INFO  - Goto my account-->Click on Login.. 
14:02:08.084 [main] DEBUG - Parsing relationship: /xl/_rels/workbook.xml.rels
14:02:08.085 [main] DEBUG - Parsing relationship: /xl/worksheets/_rels/sheet1.xml.rels
14:02:08.088 [main] DEBUG - Parsing relationship: /_rels/.rels
14:02:08.107 [main] DEBUG - using default POIXMLDocumentPart for http://schemas.openxmlformats.org/officeDocument/2006/relationships/printerSettings
14:02:15.299 [main] INFO  - Goto my account-->Click on Login.. 
14:02:15.921 [main] DEBUG - Parsing relationship: /xl/_rels/workbook.xml.rels
14:02:15.923 [main] DEBUG - Parsing relationship: /xl/worksheets/_rels/sheet1.xml.rels
14:02:15.932 [main] DEBUG - Parsing relationship: /_rels/.rels
14:02:15.951 [main] DEBUG - using default POIXMLDocumentPart for http://schemas.openxmlformats.org/officeDocument/2006/relationships/printerSettings
16:01:03.487 [main] INFO  - Goto my account-->Click on Login.. 
16:01:04.217 [main] DEBUG - Parsing relationship: /xl/_rels/workbook.xml.rels
16:01:04.221 [main] DEBUG - Parsing relationship: /xl/worksheets/_rels/sheet1.xml.rels
16:01:04.224 [main] DEBUG - Parsing relationship: /_rels/.rels
16:01:04.387 [main] TRACE - Loading type system org.apache.poi.schemas.ooxml.system.ooxml
16:01:04.389 [main] TRACE - Loading type system org.apache.xmlbeans.metadata.system.sXMLCONFIG
16:01:04.390 [main] TRACE - Loading type system org.apache.xmlbeans.metadata.system.sXMLLANG
16:01:04.390 [main] TRACE - Loading type system org.apache.xmlbeans.metadata.system.sXMLSCHEMA
16:01:04.391 [main] TRACE - Loading type system org.apache.xmlbeans.metadata.system.sXMLTOOLS
16:01:04.392 [main] TRACE - Reading unresolved handles for type system org.apache.xmlbeans.metadata.system.sXMLTOOLS
